timestamp: 2018-05-09T18:19:16.179500
CREATE TABLE "translations"(
    "id" INTEGER PRIMARY KEY AUTOINCREMENT,
    "language" CHAR(512),
    "original" TEXT,
    "translation" TEXT
);
success!
timestamp: 2018-05-09T19:19:17.678551
CREATE TABLE "translation"(
    "id" INTEGER PRIMARY KEY AUTOINCREMENT,
    "language" CHAR(512),
    "original" TEXT,
    "translation" TEXT
);
faked!
timestamp: 2018-05-09T19:24:16.664211
ALTER TABLE "translation" ADD "language_code" INTEGER;
success!
timestamp: 2018-05-09T19:51:53.603146
ALTER TABLE "translation" ADD "file" CHAR(512);
timestamp: 2018-05-09T19:52:08.690583
ALTER TABLE "translation" ADD "file" CHAR(512);
success!
timestamp: 2018-05-09T19:53:04.447183
ALTER TABLE "translation" ADD "filename" CHAR(512);
success!
success!
success!
success!
success!
success!
success!
success!
success!
success!
success!
success!
success!
success!
success!
success!
success!
success!
success!
success!
success!
success!
success!
success!
success!
success!
success!
success!
success!
success!
success!
success!
success!
success!
success!
success!
success!
success!
success!
success!
success!
timestamp: 2018-05-09T21:11:51.617536
ALTER TABLE "translation" ADD "last_checked" TIMESTAMP;
timestamp: 2018-05-09T21:12:07.975573
ALTER TABLE "translation" ADD "last_checked" TIMESTAMP;
success!
success!
success!
success!
success!
success!
success!
success!
success!
success!
success!
success!
success!
success!
success!
success!
success!
success!
success!
success!
success!
success!
success!
success!
success!
success!
success!
success!
success!
success!
success!
success!
success!
success!
success!
success!
success!
success!
success!
success!
success!
success!
success!
success!
success!
success!
success!
success!
success!
success!
success!
success!
success!
success!
success!
success!
success!
success!
success!
success!
success!
success!
success!
success!
success!
success!
success!
success!
success!
success!
success!
success!
success!
success!
success!
success!
success!
success!
success!
success!
success!
success!
success!
success!
success!
success!
success!
success!
success!
success!
success!
success!
success!
success!
success!
success!
success!
success!
success!
success!
success!
success!
success!
success!
success!
success!
success!
success!
success!
success!
success!
success!
success!
success!
success!
success!
success!
success!
success!
success!
success!
success!
success!
success!
success!
success!
success!
success!
success!
success!
success!
success!
success!
success!
success!
success!
success!
success!
success!
success!
success!
success!
success!
success!
success!
success!
success!
success!
success!
success!
success!
success!
success!
success!
success!
success!
success!
success!
success!
success!
success!
success!
success!
success!
success!
success!
success!
success!
success!
success!
success!
success!
success!
success!
success!
success!
success!
success!
success!
success!
success!
success!
success!
success!
success!
success!
success!
success!
success!
success!
success!
success!
success!
success!
success!
success!
success!
success!
success!
success!
success!
success!
success!
success!
success!
success!
success!
success!
success!
success!
success!
success!
success!
success!
success!
success!
success!
success!
success!
success!
success!
success!
success!
success!
success!
success!
success!
success!
success!
success!
success!
success!
success!
success!
success!
success!
success!
success!
success!
success!
success!
success!
success!
success!
success!
success!
success!
success!
success!
success!
success!
success!
success!
success!
success!
success!
success!
success!
